<?xml version="1.0" encoding="UTF-8"?>
<!-- Generated by org.testng.reporters.JUnitXMLReporter -->
<testsuite ignored="0" hostname="DESKTOP-MD70B7S" failures="0" tests="5" name="Default test" time="0.413" errors="0" timestamp="2023-08-17T14:27:38 IST">
  <testcase classname="TestNG.DependsOnMethods" name="cycle" time="0.058"/>
  <testcase classname="TestNG.DependsOnMethods" name="bike" time="0.019"/>
  <testcase classname="TestNG.DependsOnMethods" name="Car" time="0.009"/>
  <testcase classname="TestNG.DependsOnMethods" name="bus" time="0.008"/>
  <testcase classname="TestNG.DependsOnMethods" name="Aeroplane" time="0.009"/>
</testsuite> <!-- Default test -->
