<?xml version="1.0" encoding="UTF-8"?>
<testng-results ignored="0" total="5" passed="5" failed="0" skipped="0">
  <reporter-output>
  </reporter-output>
  <suite started-at="2023-08-17T14:27:38 IST" name="Default suite" finished-at="2023-08-17T14:27:38 IST" duration-ms="413">
    <groups>
    </groups>
    <test started-at="2023-08-17T14:27:38 IST" name="Default test" finished-at="2023-08-17T14:27:38 IST" duration-ms="413">
      <class name="TestNG.DependsOnMethods">
        <test-method signature="cycle()[pri:0, instance:TestNG.DependsOnMethods@6892b3b6]" started-at="2023-08-17T14:27:38 IST" name="cycle" finished-at="2023-08-17T14:27:38 IST" duration-ms="58" status="PASS">
          <reporter-output>
          </reporter-output>
        </test-method> <!-- cycle -->
        <test-method signature="bike()[pri:0, instance:TestNG.DependsOnMethods@6892b3b6]" started-at="2023-08-17T14:27:38 IST" name="bike" finished-at="2023-08-17T14:27:38 IST" depends-on-methods="TestNG.DependsOnMethods.cycle" duration-ms="19" status="PASS">
          <reporter-output>
          </reporter-output>
        </test-method> <!-- bike -->
        <test-method signature="Car()[pri:0, instance:TestNG.DependsOnMethods@6892b3b6]" started-at="2023-08-17T14:27:38 IST" name="Car" finished-at="2023-08-17T14:27:38 IST" depends-on-methods="TestNG.DependsOnMethods.bike" duration-ms="9" status="PASS">
          <reporter-output>
          </reporter-output>
        </test-method> <!-- Car -->
        <test-method signature="bus()[pri:0, instance:TestNG.DependsOnMethods@6892b3b6]" started-at="2023-08-17T14:27:38 IST" name="bus" finished-at="2023-08-17T14:27:38 IST" depends-on-methods="TestNG.DependsOnMethods.Car" duration-ms="8" status="PASS">
          <reporter-output>
          </reporter-output>
        </test-method> <!-- bus -->
        <test-method signature="Aeroplane()[pri:0, instance:TestNG.DependsOnMethods@6892b3b6]" started-at="2023-08-17T14:27:38 IST" name="Aeroplane" finished-at="2023-08-17T14:27:38 IST" depends-on-methods="TestNG.DependsOnMethods.bus" duration-ms="9" status="PASS">
          <reporter-output>
          </reporter-output>
        </test-method> <!-- Aeroplane -->
      </class> <!-- TestNG.DependsOnMethods -->
    </test> <!-- Default test -->
  </suite> <!-- Default suite -->
</testng-results>
